[debug] [2023-12-19T11:07:19.099Z] ----------------------------------------------------------------------
[debug] [2023-12-19T11:07:19.101Z] Command:       C:\Program Files\nodejs\node.exe C:\Users\ASUS\AppData\Roaming\npm\node_modules\firebase-tools\lib\bin\firebase.js init
[debug] [2023-12-19T11:07:19.101Z] CLI Version:   13.0.2
[debug] [2023-12-19T11:07:19.102Z] Platform:      win32
[debug] [2023-12-19T11:07:19.102Z] Node Version:  v20.8.0
[debug] [2023-12-19T11:07:19.102Z] Time:          Tue Dec 19 2023 19:07:19 GMT+0800 (Singapore Standard Time)
[debug] [2023-12-19T11:07:19.102Z] ----------------------------------------------------------------------
[debug] 
[debug] [2023-12-19T11:07:19.107Z] > command requires scopes: ["email","openid","https://www.googleapis.com/auth/cloudplatformprojects.readonly","https://www.googleapis.com/auth/firebase","https://www.googleapis.com/auth/cloud-platform"]
[debug] [2023-12-19T11:07:19.107Z] > authorizing via signed-in user (adjiemikayana@gmail.com)
[info] 
     ######## #### ########  ######## ########     ###     ######  ########
     ##        ##  ##     ## ##       ##     ##  ##   ##  ##       ##
     ######    ##  ########  ######   ########  #########  ######  ######
     ##        ##  ##    ##  ##       ##     ## ##     ##       ## ##
     ##       #### ##     ## ######## ########  ##     ##  ######  ########

You're about to initialize a Firebase project in this directory:

  D:\UNDIKNAS\Tugas\devOps\project_test

[info] 
=== Project Setup
[info] 
[info] First, let's associate this project directory with a Firebase project.
[info] You can create multiple project aliases by running firebase use --add, 
[info] but for now we'll just set up a default project.
[info] 
[debug] [2023-12-19T11:07:36.334Z] >>> [apiv2][query] GET https://firebase.googleapis.com/v1beta1/projects pageSize=100
[debug] [2023-12-19T11:07:37.025Z] <<< [apiv2][status] GET https://firebase.googleapis.com/v1beta1/projects 200
[debug] [2023-12-19T11:07:37.025Z] <<< [apiv2][body] GET https://firebase.googleapis.com/v1beta1/projects [omitted]
[info] i  Using project project-test-b9dce (project-test) 
[info] 
=== Hosting Setup
[debug] [2023-12-19T11:07:41.273Z] >>> [apiv2][query] GET https://firebase.googleapis.com/v1beta1/projects/project-test-b9dce [none]
[debug] [2023-12-19T11:07:41.586Z] <<< [apiv2][status] GET https://firebase.googleapis.com/v1beta1/projects/project-test-b9dce 200
[debug] [2023-12-19T11:07:41.587Z] <<< [apiv2][body] GET https://firebase.googleapis.com/v1beta1/projects/project-test-b9dce {"projectId":"project-test-b9dce","projectNumber":"55164647","displayName":"project-test","name":"projects/project-test-b9dce","resources":{"hostingSite":"project-test-b9dce"},"state":"ACTIVE","etag":"1_4885d47f-5e64-45eb-bcea-bcc7d3661b98"}
[info] 
[info] Your public directory is the folder (relative to your project directory) that
[info] will contain Hosting assets to be uploaded with firebase deploy. If you
[info] have a build process for your assets, use your build's output directory.
[info] 
[debug] [2023-12-19T11:08:18.610Z] >>> [apiv2][query] GET https://www.gstatic.com/firebasejs/releases.json [none]
[debug] [2023-12-19T11:08:18.847Z] <<< [apiv2][status] GET https://www.gstatic.com/firebasejs/releases.json 200
[debug] [2023-12-19T11:08:18.847Z] <<< [apiv2][body] GET https://www.gstatic.com/firebasejs/releases.json {"current":{"version":"10.7.1","browserURL":"https://www.gstatic.com/firebasejs/10.7.1/firebase.js","packageURL":"https://www.gstatic.com/firebasejs/10.7.1/firebase.tgz"},"live":{"version":"10.7","browserURL":"https://www.gstatic.com/firebasejs/live/10.7/firebase.js","packageURL":"https://www.gstatic.com/firebasejs/live/10.7/firebase.tgz"},"components":{"analytics":"https://www.gstatic.com/firebasejs/10.7.1/firebase-analytics.js","app":"https://www.gstatic.com/firebasejs/10.7.1/firebase-app.js","app-check":"https://www.gstatic.com/firebasejs/10.7.1/firebase-app-check.js","auth":"https://www.gstatic.com/firebasejs/10.7.1/firebase-auth.js","auth/cordova":"https://www.gstatic.com/firebasejs/10.7.1/firebase-auth/cordova.js","functions":"https://www.gstatic.com/firebasejs/10.7.1/firebase-functions.js","firestore":"https://www.gstatic.com/firebasejs/10.7.1/firebase-firestore.js","firestore/lite":"https://www.gstatic.com/firebasejs/10.7.1/firebase-firestore/lite.js","installations":"https://www.gstatic.com/firebasejs/10.7.1/firebase-installations.js","storage":"https://www.gstatic.com/firebasejs/10.7.1/firebase-storage.js","performance":"https://www.gstatic.com/firebasejs/10.7.1/firebase-performance.js","remote-config":"https://www.gstatic.com/firebasejs/10.7.1/firebase-remote-config.js","messaging":"https://www.gstatic.com/firebasejs/10.7.1/firebase-messaging.js","messaging/sw":"https://www.gstatic.com/firebasejs/10.7.1/firebase-messaging/sw.js","database":"https://www.gstatic.com/firebasejs/10.7.1/firebase-database.js","firestore.memory":"https://www.gstatic.com/firebasejs/10.7.1/firebase-firestore.memory.js"}}
[info] +  Wrote public/index.html 
[info] 
[info] i  Detected a .git folder at D:\UNDIKNAS\Tugas\devOps\project_test 
[info] i  Authorizing with GitHub to upload your service account to a GitHub repository's secrets store. 
[info] 
[info] Visit this URL on this device to log in:
[info] https://github.com/login/oauth/authorize?client_id=89cf50f02ac6aaed3484&state=535111467&redirect_uri=http%3A%2F%2Flocalhost%3A9005&scope=read%3Auser%20repo%20public_repo
[info] 
[info] Waiting for authentication...
[debug] [2023-12-19T11:08:46.097Z] >>> [apiv2][query] POST https://github.com/login/oauth/access_token [none]
[debug] [2023-12-19T11:08:46.097Z] >>> [apiv2][body] POST https://github.com/login/oauth/access_token [stream]
[debug] [2023-12-19T11:08:46.597Z] <<< [apiv2][status] POST https://github.com/login/oauth/access_token 200
[debug] [2023-12-19T11:08:46.598Z] <<< [apiv2][body] POST https://github.com/login/oauth/access_token {"access_token":"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","token_type":"bearer","scope":"read:user,repo"}
[debug] [2023-12-19T11:08:46.606Z] >>> [apiv2][query] GET https://api.github.com/user [none]
[debug] [2023-12-19T11:08:47.080Z] <<< [apiv2][status] GET https://api.github.com/user 200
[debug] [2023-12-19T11:08:47.080Z] <<< [apiv2][body] GET https://api.github.com/user {"login":"adjiemkyn","id":96862666,"node_id":"U_kgDOBcYByg","avatar_url":"https://avatars.githubusercontent.com/u/96862666?v=4","gravatar_id":"","url":"https://api.github.com/users/adjiemkyn","html_url":"https://github.com/adjiemkyn","followers_url":"https://api.github.com/users/adjiemkyn/followers","following_url":"https://api.github.com/users/adjiemkyn/following{/other_user}","gists_url":"https://api.github.com/users/adjiemkyn/gists{/gist_id}","starred_url":"https://api.github.com/users/adjiemkyn/starred{/owner}{/repo}","subscriptions_url":"https://api.github.com/users/adjiemkyn/subscriptions","organizations_url":"https://api.github.com/users/adjiemkyn/orgs","repos_url":"https://api.github.com/users/adjiemkyn/repos","events_url":"https://api.github.com/users/adjiemkyn/events{/privacy}","received_events_url":"https://api.github.com/users/adjiemkyn/received_events","type":"User","site_admin":false,"name":null,"company":null,"blog":"","location":null,"email":null,"hireable":null,"bio":null,"twitter_username":null,"public_repos":1,"public_gists":0,"followers":0,"following":0,"created_at":"2021-12-30T07:48:32Z","updated_at":"2023-12-19T11:08:41Z","private_gists":0,"total_private_repos":0,"owned_private_repos":0,"disk_usage":228,"collaborators":0,"two_factor_authentication":false,"plan":{"name":"free","space":976562499,"collaborators":0,"private_repos":10000}}
[info] 
[info] +  Success! Logged into GitHub as adjiemkyn 
[info] 
[debug] [2023-12-19T11:09:06.882Z] >>> [apiv2][query] GET https://api.github.com/repos//actions/secrets/public-key type=owner
[debug] [2023-12-19T11:09:07.288Z] <<< [apiv2][status] GET https://api.github.com/repos//actions/secrets/public-key 404
[debug] [2023-12-19T11:09:07.288Z] <<< [apiv2][body] GET https://api.github.com/repos//actions/secrets/public-key {"message":"Not Found","documentation_url":"https://docs.github.com/rest"}
[info] 
[info] 
[error] !  The provided authorization cannot be used with this repository. If this repository is in an organization, did you remember to grant access? 
[info] 
[info] i  Action required: Visit this URL to ensure access has been granted to the appropriate organization(s) for the Firebase CLI GitHub OAuth App: 
[info] https://github.com/settings/connections/applications/89cf50f02ac6aaed3484
[info] 
[debug] [2023-12-19T11:09:13.608Z] >>> [apiv2][query] GET https://api.github.com/repos//actions/secrets/public-key type=owner
[debug] [2023-12-19T11:09:14.040Z] <<< [apiv2][status] GET https://api.github.com/repos//actions/secrets/public-key 404
[debug] [2023-12-19T11:09:14.040Z] <<< [apiv2][body] GET https://api.github.com/repos//actions/secrets/public-key {"message":"Not Found","documentation_url":"https://docs.github.com/rest"}
[info] 
[info] 
[error] !  The provided authorization cannot be used with this repository. If this repository is in an organization, did you remember to grant access? 
[info] 
[info] i  Action required: Visit this URL to ensure access has been granted to the appropriate organization(s) for the Firebase CLI GitHub OAuth App: 
[info] https://github.com/settings/connections/applications/89cf50f02ac6aaed3484
[info] 
[debug] [2023-12-19T11:09:19.531Z] >>> [apiv2][query] GET https://api.github.com/repos//actions/secrets/public-key type=owner
[debug] [2023-12-19T11:09:19.949Z] <<< [apiv2][status] GET https://api.github.com/repos//actions/secrets/public-key 404
[debug] [2023-12-19T11:09:19.949Z] <<< [apiv2][body] GET https://api.github.com/repos//actions/secrets/public-key {"message":"Not Found","documentation_url":"https://docs.github.com/rest"}
[info] 
[info] 
[error] !  The provided authorization cannot be used with this repository. If this repository is in an organization, did you remember to grant access? 
[info] 
[info] i  Action required: Visit this URL to ensure access has been granted to the appropriate organization(s) for the Firebase CLI GitHub OAuth App: 
[info] https://github.com/settings/connections/applications/89cf50f02ac6aaed3484
[info] 
